<?xml version="1.0" encoding="UTF-8"?>
<!-- Generated by org.testng.reporters.JUnitXMLReporter -->
<testsuite ignored="0" hostname="LAPTOP-0BSU4V01" failures="0" tests="5" name="HybridframeworkTest" time="43.488" errors="0" timestamp="2021-02-15T17:07:14 IST">
  <testcase classname="com.qa.linkedin.testcases.SearchDataDrivenTest" name="searchDataDrivenTest" time="6.544"/>
  <testcase classname="com.qa.linkedin.testcases.SearchDataDrivenTest" name="searchDataDrivenTest" time="6.347"/>
  <testcase classname="com.qa.linkedin.testcases.SearchDataDrivenTest" name="searchDataDrivenTest" time="7.483"/>
  <testcase classname="com.qa.linkedin.testcases.SearchDataDrivenTest" name="searchDataDrivenTest" time="6.162"/>
  <testcase classname="com.qa.linkedin.testcases.SearchDataDrivenTest" name="searchDataDrivenTest" time="6.173"/>
</testsuite> <!-- HybridframeworkTest -->
