<?xml version="1.0" encoding="UTF-8"?>
<!-- Generated by org.testng.reporters.JUnitXMLReporter -->
<testsuite ignored="0" hostname="LAPTOP-0BSU4V01" failures="0" tests="5" name="Default test" time="50.457" errors="0" timestamp="2021-02-15T13:41:44 IST">
  <testcase classname="com.qa.linkedin.testcases.SearchDataDrivenTest" name="searchDataDrivenTest" time="8.176"/>
  <testcase classname="com.qa.linkedin.testcases.SearchDataDrivenTest" name="searchDataDrivenTest" time="7.197"/>
  <testcase classname="com.qa.linkedin.testcases.SearchDataDrivenTest" name="searchDataDrivenTest" time="7.401"/>
  <testcase classname="com.qa.linkedin.testcases.SearchDataDrivenTest" name="searchDataDrivenTest" time="6.855"/>
  <testcase classname="com.qa.linkedin.testcases.SearchDataDrivenTest" name="searchDataDrivenTest" time="6.688"/>
</testsuite> <!-- Default test -->
