<?xml version="1.0" encoding="UTF-8"?>
<testng-results skipped="0" failed="0" ignored="0" total="5" passed="5">
  <reporter-output>
  </reporter-output>
  <suite name="HybridframeworkSuite" duration-ms="44373" started-at="2021-02-16T11:55:17 IST" finished-at="2021-02-16T11:56:02 IST">
    <groups>
    </groups>
    <test name="HybridframeworkTest" duration-ms="44373" started-at="2021-02-16T11:55:17 IST" finished-at="2021-02-16T11:56:02 IST">
      <class name="com.qa.linkedin.testcases.SearchDataDrivenTest">
        <test-method status="PASS" signature="setup()[pri:0, instance:com.qa.linkedin.testcases.SearchDataDrivenTest@7a36aefa]" name="setup" is-config="true" duration-ms="4450" started-at="2021-02-16T11:55:13 IST" finished-at="2021-02-16T11:55:17 IST">
          <reporter-output>
          </reporter-output>
        </test-method> <!-- setup -->
        <test-method status="PASS" signature="beforeClass()[pri:0, instance:com.qa.linkedin.testcases.SearchDataDrivenTest@7a36aefa]" name="beforeClass" is-config="true" duration-ms="7663" started-at="2021-02-16T11:55:17 IST" finished-at="2021-02-16T11:55:25 IST">
          <reporter-output>
          </reporter-output>
        </test-method> <!-- beforeClass -->
        <test-method status="PASS" signature="searchDataDrivenTest(java.lang.String)[pri:0, instance:com.qa.linkedin.testcases.SearchDataDrivenTest@7a36aefa]" name="searchDataDrivenTest" duration-ms="7096" started-at="2021-02-16T11:55:26 IST" data-provider="getData" finished-at="2021-02-16T11:55:33 IST">
          <params>
            <param index="0">
              <value>
                <![CDATA[Ramesh]]>
              </value>
            </param>
          </params>
          <reporter-output>
          </reporter-output>
        </test-method> <!-- searchDataDrivenTest -->
        <test-method status="PASS" signature="searchDataDrivenTest(java.lang.String)[pri:0, instance:com.qa.linkedin.testcases.SearchDataDrivenTest@7a36aefa]" name="searchDataDrivenTest" duration-ms="6983" started-at="2021-02-16T11:55:33 IST" data-provider="getData" finished-at="2021-02-16T11:55:40 IST">
          <params>
            <param index="0">
              <value>
                <![CDATA[Rajesh]]>
              </value>
            </param>
          </params>
          <reporter-output>
          </reporter-output>
        </test-method> <!-- searchDataDrivenTest -->
        <test-method status="PASS" signature="searchDataDrivenTest(java.lang.String)[pri:0, instance:com.qa.linkedin.testcases.SearchDataDrivenTest@7a36aefa]" name="searchDataDrivenTest" duration-ms="7081" started-at="2021-02-16T11:55:40 IST" data-provider="getData" finished-at="2021-02-16T11:55:47 IST">
          <params>
            <param index="0">
              <value>
                <![CDATA[Madhu]]>
              </value>
            </param>
          </params>
          <reporter-output>
          </reporter-output>
        </test-method> <!-- searchDataDrivenTest -->
        <test-method status="PASS" signature="searchDataDrivenTest(java.lang.String)[pri:0, instance:com.qa.linkedin.testcases.SearchDataDrivenTest@7a36aefa]" name="searchDataDrivenTest" duration-ms="6656" started-at="2021-02-16T11:55:47 IST" data-provider="getData" finished-at="2021-02-16T11:55:53 IST">
          <params>
            <param index="0">
              <value>
                <![CDATA[Jyotsna]]>
              </value>
            </param>
          </params>
          <reporter-output>
          </reporter-output>
        </test-method> <!-- searchDataDrivenTest -->
        <test-method status="PASS" signature="searchDataDrivenTest(java.lang.String)[pri:0, instance:com.qa.linkedin.testcases.SearchDataDrivenTest@7a36aefa]" name="searchDataDrivenTest" duration-ms="6672" started-at="2021-02-16T11:55:53 IST" data-provider="getData" finished-at="2021-02-16T11:56:00 IST">
          <params>
            <param index="0">
              <value>
                <![CDATA[Radhika]]>
              </value>
            </param>
          </params>
          <reporter-output>
          </reporter-output>
        </test-method> <!-- searchDataDrivenTest -->
        <test-method status="PASS" signature="afterClass()[pri:0, instance:com.qa.linkedin.testcases.SearchDataDrivenTest@7a36aefa]" name="afterClass" is-config="true" duration-ms="1627" started-at="2021-02-16T11:56:00 IST" finished-at="2021-02-16T11:56:02 IST">
          <reporter-output>
          </reporter-output>
        </test-method> <!-- afterClass -->
        <test-method status="PASS" signature="tearDown()[pri:0, instance:com.qa.linkedin.testcases.SearchDataDrivenTest@7a36aefa]" name="tearDown" is-config="true" duration-ms="697" started-at="2021-02-16T11:56:02 IST" finished-at="2021-02-16T11:56:03 IST">
          <reporter-output>
          </reporter-output>
        </test-method> <!-- tearDown -->
      </class> <!-- com.qa.linkedin.testcases.SearchDataDrivenTest -->
    </test> <!-- HybridframeworkTest -->
  </suite> <!-- HybridframeworkSuite -->
</testng-results>
