<?xml version="1.0" encoding="UTF-8"?>
<testng-results ignored="0" total="5" passed="5" failed="0" skipped="0">
  <reporter-output>
  </reporter-output>
  <suite started-at="2021-02-15T17:06:30 IST" name="HybridframeworkSuite" finished-at="2021-02-15T17:07:14 IST" duration-ms="43488">
    <groups>
    </groups>
    <test started-at="2021-02-15T17:06:30 IST" name="HybridframeworkTest" finished-at="2021-02-15T17:07:14 IST" duration-ms="43488">
      <class name="com.qa.linkedin.testcases.SearchDataDrivenTest">
        <test-method is-config="true" signature="setup()[pri:0, instance:com.qa.linkedin.testcases.SearchDataDrivenTest@452e19ca]" started-at="2021-02-15T17:06:24 IST" name="setup" finished-at="2021-02-15T17:06:30 IST" duration-ms="6552" status="PASS">
          <reporter-output>
          </reporter-output>
        </test-method> <!-- setup -->
        <test-method is-config="true" signature="beforeClass()[pri:0, instance:com.qa.linkedin.testcases.SearchDataDrivenTest@452e19ca]" started-at="2021-02-15T17:06:30 IST" name="beforeClass" finished-at="2021-02-15T17:06:39 IST" duration-ms="8910" status="PASS">
          <reporter-output>
          </reporter-output>
        </test-method> <!-- beforeClass -->
        <test-method signature="searchDataDrivenTest(java.lang.String)[pri:0, instance:com.qa.linkedin.testcases.SearchDataDrivenTest@452e19ca]" started-at="2021-02-15T17:06:40 IST" name="searchDataDrivenTest" data-provider="getData" finished-at="2021-02-15T17:06:46 IST" duration-ms="6544" status="PASS">
          <params>
            <param index="0">
              <value>
                <![CDATA[Ramesh]]>
              </value>
            </param>
          </params>
          <reporter-output>
          </reporter-output>
        </test-method> <!-- searchDataDrivenTest -->
        <test-method signature="searchDataDrivenTest(java.lang.String)[pri:0, instance:com.qa.linkedin.testcases.SearchDataDrivenTest@452e19ca]" started-at="2021-02-15T17:06:46 IST" name="searchDataDrivenTest" data-provider="getData" finished-at="2021-02-15T17:06:53 IST" duration-ms="6347" status="PASS">
          <params>
            <param index="0">
              <value>
                <![CDATA[Rajesh]]>
              </value>
            </param>
          </params>
          <reporter-output>
          </reporter-output>
        </test-method> <!-- searchDataDrivenTest -->
        <test-method signature="searchDataDrivenTest(java.lang.String)[pri:0, instance:com.qa.linkedin.testcases.SearchDataDrivenTest@452e19ca]" started-at="2021-02-15T17:06:53 IST" name="searchDataDrivenTest" data-provider="getData" finished-at="2021-02-15T17:07:00 IST" duration-ms="7483" status="PASS">
          <params>
            <param index="0">
              <value>
                <![CDATA[Madhu]]>
              </value>
            </param>
          </params>
          <reporter-output>
          </reporter-output>
        </test-method> <!-- searchDataDrivenTest -->
        <test-method signature="searchDataDrivenTest(java.lang.String)[pri:0, instance:com.qa.linkedin.testcases.SearchDataDrivenTest@452e19ca]" started-at="2021-02-15T17:07:00 IST" name="searchDataDrivenTest" data-provider="getData" finished-at="2021-02-15T17:07:06 IST" duration-ms="6162" status="PASS">
          <params>
            <param index="0">
              <value>
                <![CDATA[Jyotsna]]>
              </value>
            </param>
          </params>
          <reporter-output>
          </reporter-output>
        </test-method> <!-- searchDataDrivenTest -->
        <test-method signature="searchDataDrivenTest(java.lang.String)[pri:0, instance:com.qa.linkedin.testcases.SearchDataDrivenTest@452e19ca]" started-at="2021-02-15T17:07:06 IST" name="searchDataDrivenTest" data-provider="getData" finished-at="2021-02-15T17:07:12 IST" duration-ms="6173" status="PASS">
          <params>
            <param index="0">
              <value>
                <![CDATA[Radhika]]>
              </value>
            </param>
          </params>
          <reporter-output>
          </reporter-output>
        </test-method> <!-- searchDataDrivenTest -->
        <test-method is-config="true" signature="afterClass()[pri:0, instance:com.qa.linkedin.testcases.SearchDataDrivenTest@452e19ca]" started-at="2021-02-15T17:07:12 IST" name="afterClass" finished-at="2021-02-15T17:07:14 IST" duration-ms="1341" status="PASS">
          <reporter-output>
          </reporter-output>
        </test-method> <!-- afterClass -->
        <test-method is-config="true" signature="tearDown()[pri:0, instance:com.qa.linkedin.testcases.SearchDataDrivenTest@452e19ca]" started-at="2021-02-15T17:07:14 IST" name="tearDown" finished-at="2021-02-15T17:07:15 IST" duration-ms="736" status="PASS">
          <reporter-output>
          </reporter-output>
        </test-method> <!-- tearDown -->
      </class> <!-- com.qa.linkedin.testcases.SearchDataDrivenTest -->
    </test> <!-- HybridframeworkTest -->
  </suite> <!-- HybridframeworkSuite -->
</testng-results>
